This file contains any messages produced by compilers while
running configure, to aid debugging if configure makes a mistake.

It was created by httperf configure 0.9.1, which was
generated by GNU Autoconf 2.69.  Invocation command line was

  $ ./configure --enable-debug --no-create --no-recursion

## --------- ##
## Platform. ##
## --------- ##

hostname = wajahat-loadgen1
uname -m = x86_64
uname -r = 3.13.0-77-generic
uname -s = Linux
uname -v = #121-Ubuntu SMP Wed Jan 20 10:50:42 UTC 2016

/usr/bin/uname -p = unknown
/bin/uname -X     = unknown

/bin/arch              = unknown
/usr/bin/arch -k       = unknown
/usr/convex/getsysinfo = unknown
/usr/bin/hostinfo      = unknown
/bin/machine           = unknown
/usr/bin/oslevel       = unknown
/bin/universe          = unknown

PATH: /usr/local/sbin
PATH: /usr/local/bin
PATH: /usr/sbin
PATH: /usr/bin
PATH: /sbin
PATH: /bin
PATH: /usr/games
PATH: /usr/local/games


## ----------- ##
## Core tests. ##
## ----------- ##

configure:2316: checking build system type
configure:2330: result: x86_64-unknown-linux-gnu
configure:2350: checking host system type
configure:2363: result: x86_64-unknown-linux-gnu
configure:2383: checking target system type
configure:2396: result: x86_64-unknown-linux-gnu
configure:2439: checking for a BSD-compatible install
configure:2507: result: /usr/bin/install -c
configure:2518: checking whether build environment is sane
configure:2573: result: yes
configure:2724: checking for a thread-safe mkdir -p
configure:2763: result: /bin/mkdir -p
configure:2770: checking for gawk
configure:2786: found /usr/bin/gawk
configure:2797: result: gawk
configure:2808: checking whether make sets $(MAKE)
configure:2830: result: yes
configure:2859: checking whether make supports nested variables
configure:2876: result: yes
configure:3016: checking for style of include used by make
configure:3044: result: GNU
configure:3115: checking for gcc
configure:3131: found /usr/bin/gcc
configure:3142: result: gcc
configure:3371: checking for C compiler version
configure:3380: gcc --version >&5
gcc (Ubuntu 4.8.4-2ubuntu1~14.04.3) 4.8.4
Copyright (C) 2013 Free Software Foundation, Inc.
This is free software; see the source for copying conditions.  There is NO
warranty; not even for MERCHANTABILITY or FITNESS FOR A PARTICULAR PURPOSE.

configure:3391: $? = 0
configure:3380: gcc -v >&5
Using built-in specs.
COLLECT_GCC=gcc
COLLECT_LTO_WRAPPER=/usr/lib/gcc/x86_64-linux-gnu/4.8/lto-wrapper
Target: x86_64-linux-gnu
Configured with: ../src/configure -v --with-pkgversion='Ubuntu 4.8.4-2ubuntu1~14.04.3' --with-bugurl=file:///usr/share/doc/gcc-4.8/README.Bugs --enable-languages=c,c++,java,go,d,fortran,objc,obj-c++ --prefix=/usr --program-suffix=-4.8 --enable-shared --enable-linker-build-id --libexecdir=/usr/lib --without-included-gettext --enable-threads=posix --with-gxx-include-dir=/usr/include/c++/4.8 --libdir=/usr/lib --enable-nls --with-sysroot=/ --enable-clocale=gnu --enable-libstdcxx-debug --enable-libstdcxx-time=yes --enable-gnu-unique-object --disable-libmudflap --enable-plugin --with-system-zlib --disable-browser-plugin --enable-java-awt=gtk --enable-gtk-cairo --with-java-home=/usr/lib/jvm/java-1.5.0-gcj-4.8-amd64/jre --enable-java-home --with-jvm-root-dir=/usr/lib/jvm/java-1.5.0-gcj-4.8-amd64 --with-jvm-jar-dir=/usr/lib/jvm-exports/java-1.5.0-gcj-4.8-amd64 --with-arch-directory=amd64 --with-ecj-jar=/usr/share/java/eclipse-ecj.jar --enable-objc-gc --enable-multiarch --disable-werror --with-arch-32=i686 --with-abi=m64 --with-multilib-list=m32,m64,mx32 --with-tune=generic --enable-checking=release --build=x86_64-linux-gnu --host=x86_64-linux-gnu --target=x86_64-linux-gnu
Thread model: posix
gcc version 4.8.4 (Ubuntu 4.8.4-2ubuntu1~14.04.3) 
configure:3391: $? = 0
configure:3380: gcc -V >&5
gcc: error: unrecognized command line option '-V'
gcc: fatal error: no input files
compilation terminated.
configure:3391: $? = 4
configure:3380: gcc -qversion >&5
gcc: error: unrecognized command line option '-qversion'
gcc: fatal error: no input files
compilation terminated.
configure:3391: $? = 4
configure:3411: checking whether the C compiler works
configure:3433: gcc    conftest.c  >&5
configure:3437: $? = 0
configure:3485: result: yes
configure:3488: checking for C compiler default output file name
configure:3490: result: a.out
configure:3496: checking for suffix of executables
configure:3503: gcc -o conftest    conftest.c  >&5
configure:3507: $? = 0
configure:3529: result: 
configure:3551: checking whether we are cross compiling
configure:3559: gcc -o conftest    conftest.c  >&5
configure:3563: $? = 0
configure:3570: ./conftest
configure:3574: $? = 0
configure:3589: result: no
configure:3594: checking for suffix of object files
configure:3616: gcc -c   conftest.c >&5
configure:3620: $? = 0
configure:3641: result: o
configure:3645: checking whether we are using the GNU C compiler
configure:3664: gcc -c   conftest.c >&5
configure:3664: $? = 0
configure:3673: result: yes
configure:3682: checking whether gcc accepts -g
configure:3702: gcc -c -g  conftest.c >&5
configure:3702: $? = 0
configure:3743: result: yes
configure:3760: checking for gcc option to accept ISO C89
configure:3823: gcc  -c -g -O2  conftest.c >&5
configure:3823: $? = 0
configure:3836: result: none needed
configure:3861: checking whether gcc understands -c and -o together
configure:3883: gcc -c conftest.c -o conftest2.o
configure:3886: $? = 0
configure:3883: gcc -c conftest.c -o conftest2.o
configure:3886: $? = 0
configure:3898: result: yes
configure:3917: checking dependency style of gcc
configure:4028: result: gcc3
configure:4049: checking how to run the C preprocessor
configure:4080: gcc -E  conftest.c
configure:4080: $? = 0
configure:4094: gcc -E  conftest.c
conftest.c:11:28: fatal error: ac_nonexistent.h: No such file or directory
 #include <ac_nonexistent.h>
                            ^
compilation terminated.
configure:4094: $? = 1
configure: failed program was:
| /* confdefs.h */
| #define PACKAGE_NAME "httperf"
| #define PACKAGE_TARNAME "httperf"
| #define PACKAGE_VERSION "0.9.1"
| #define PACKAGE_STRING "httperf 0.9.1"
| #define PACKAGE_BUGREPORT "httperf@linux.hpl.hp.com"
| #define PACKAGE_URL ""
| #define PACKAGE "httperf"
| #define VERSION "0.9.1"
| /* end confdefs.h.  */
| #include <ac_nonexistent.h>
configure:4119: result: gcc -E
configure:4139: gcc -E  conftest.c
configure:4139: $? = 0
configure:4153: gcc -E  conftest.c
conftest.c:11:28: fatal error: ac_nonexistent.h: No such file or directory
 #include <ac_nonexistent.h>
                            ^
compilation terminated.
configure:4153: $? = 1
configure: failed program was:
| /* confdefs.h */
| #define PACKAGE_NAME "httperf"
| #define PACKAGE_TARNAME "httperf"
| #define PACKAGE_VERSION "0.9.1"
| #define PACKAGE_STRING "httperf 0.9.1"
| #define PACKAGE_BUGREPORT "httperf@linux.hpl.hp.com"
| #define PACKAGE_URL ""
| #define PACKAGE "httperf"
| #define VERSION "0.9.1"
| /* end confdefs.h.  */
| #include <ac_nonexistent.h>
configure:4182: checking for grep that handles long lines and -e
configure:4240: result: /bin/grep
configure:4245: checking for egrep
configure:4307: result: /bin/grep -E
configure:4312: checking for ANSI C header files
configure:4332: gcc -c -g -O2  conftest.c >&5
configure:4332: $? = 0
configure:4405: gcc -o conftest -g -O2   conftest.c  >&5
configure:4405: $? = 0
configure:4405: ./conftest
configure:4405: $? = 0
configure:4416: result: yes
configure:4429: checking for sys/types.h
configure:4429: gcc -c -g -O2  conftest.c >&5
configure:4429: $? = 0
configure:4429: result: yes
configure:4429: checking for sys/stat.h
configure:4429: gcc -c -g -O2  conftest.c >&5
configure:4429: $? = 0
configure:4429: result: yes
configure:4429: checking for stdlib.h
configure:4429: gcc -c -g -O2  conftest.c >&5
configure:4429: $? = 0
configure:4429: result: yes
configure:4429: checking for string.h
configure:4429: gcc -c -g -O2  conftest.c >&5
configure:4429: $? = 0
configure:4429: result: yes
configure:4429: checking for memory.h
configure:4429: gcc -c -g -O2  conftest.c >&5
configure:4429: $? = 0
configure:4429: result: yes
configure:4429: checking for strings.h
configure:4429: gcc -c -g -O2  conftest.c >&5
configure:4429: $? = 0
configure:4429: result: yes
configure:4429: checking for inttypes.h
configure:4429: gcc -c -g -O2  conftest.c >&5
configure:4429: $? = 0
configure:4429: result: yes
configure:4429: checking for stdint.h
configure:4429: gcc -c -g -O2  conftest.c >&5
configure:4429: $? = 0
configure:4429: result: yes
configure:4429: checking for unistd.h
configure:4429: gcc -c -g -O2  conftest.c >&5
configure:4429: $? = 0
configure:4429: result: yes
configure:4442: checking minix/config.h usability
configure:4442: gcc -c -g -O2  conftest.c >&5
conftest.c:54:26: fatal error: minix/config.h: No such file or directory
 #include <minix/config.h>
                          ^
compilation terminated.
configure:4442: $? = 1
configure: failed program was:
| /* confdefs.h */
| #define PACKAGE_NAME "httperf"
| #define PACKAGE_TARNAME "httperf"
| #define PACKAGE_VERSION "0.9.1"
| #define PACKAGE_STRING "httperf 0.9.1"
| #define PACKAGE_BUGREPORT "httperf@linux.hpl.hp.com"
| #define PACKAGE_URL ""
| #define PACKAGE "httperf"
| #define VERSION "0.9.1"
| #define STDC_HEADERS 1
| #define HAVE_SYS_TYPES_H 1
| #define HAVE_SYS_STAT_H 1
| #define HAVE_STDLIB_H 1
| #define HAVE_STRING_H 1
| #define HAVE_MEMORY_H 1
| #define HAVE_STRINGS_H 1
| #define HAVE_INTTYPES_H 1
| #define HAVE_STDINT_H 1
| #define HAVE_UNISTD_H 1
| /* end confdefs.h.  */
| #include <stdio.h>
| #ifdef HAVE_SYS_TYPES_H
| # include <sys/types.h>
| #endif
| #ifdef HAVE_SYS_STAT_H
| # include <sys/stat.h>
| #endif
| #ifdef STDC_HEADERS
| # include <stdlib.h>
| # include <stddef.h>
| #else
| # ifdef HAVE_STDLIB_H
| #  include <stdlib.h>
| # endif
| #endif
| #ifdef HAVE_STRING_H
| # if !defined STDC_HEADERS && defined HAVE_MEMORY_H
| #  include <memory.h>
| # endif
| # include <string.h>
| #endif
| #ifdef HAVE_STRINGS_H
| # include <strings.h>
| #endif
| #ifdef HAVE_INTTYPES_H
| # include <inttypes.h>
| #endif
| #ifdef HAVE_STDINT_H
| # include <stdint.h>
| #endif
| #ifdef HAVE_UNISTD_H
| # include <unistd.h>
| #endif
| #include <minix/config.h>
configure:4442: result: no
configure:4442: checking minix/config.h presence
configure:4442: gcc -E  conftest.c
conftest.c:21:26: fatal error: minix/config.h: No such file or directory
 #include <minix/config.h>
                          ^
compilation terminated.
configure:4442: $? = 1
configure: failed program was:
| /* confdefs.h */
| #define PACKAGE_NAME "httperf"
| #define PACKAGE_TARNAME "httperf"
| #define PACKAGE_VERSION "0.9.1"
| #define PACKAGE_STRING "httperf 0.9.1"
| #define PACKAGE_BUGREPORT "httperf@linux.hpl.hp.com"
| #define PACKAGE_URL ""
| #define PACKAGE "httperf"
| #define VERSION "0.9.1"
| #define STDC_HEADERS 1
| #define HAVE_SYS_TYPES_H 1
| #define HAVE_SYS_STAT_H 1
| #define HAVE_STDLIB_H 1
| #define HAVE_STRING_H 1
| #define HAVE_MEMORY_H 1
| #define HAVE_STRINGS_H 1
| #define HAVE_INTTYPES_H 1
| #define HAVE_STDINT_H 1
| #define HAVE_UNISTD_H 1
| /* end confdefs.h.  */
| #include <minix/config.h>
configure:4442: result: no
configure:4442: checking for minix/config.h
configure:4442: result: no
configure:4463: checking whether it is safe to define __EXTENSIONS__
configure:4481: gcc -c -g -O2  conftest.c >&5
configure:4481: $? = 0
configure:4488: result: yes
configure:4615: checking for C compiler version
configure:4624: gcc --version >&5
gcc (Ubuntu 4.8.4-2ubuntu1~14.04.3) 4.8.4
Copyright (C) 2013 Free Software Foundation, Inc.
This is free software; see the source for copying conditions.  There is NO
warranty; not even for MERCHANTABILITY or FITNESS FOR A PARTICULAR PURPOSE.

configure:4635: $? = 0
configure:4624: gcc -v >&5
Using built-in specs.
COLLECT_GCC=gcc
COLLECT_LTO_WRAPPER=/usr/lib/gcc/x86_64-linux-gnu/4.8/lto-wrapper
Target: x86_64-linux-gnu
Configured with: ../src/configure -v --with-pkgversion='Ubuntu 4.8.4-2ubuntu1~14.04.3' --with-bugurl=file:///usr/share/doc/gcc-4.8/README.Bugs --enable-languages=c,c++,java,go,d,fortran,objc,obj-c++ --prefix=/usr --program-suffix=-4.8 --enable-shared --enable-linker-build-id --libexecdir=/usr/lib --without-included-gettext --enable-threads=posix --with-gxx-include-dir=/usr/include/c++/4.8 --libdir=/usr/lib --enable-nls --with-sysroot=/ --enable-clocale=gnu --enable-libstdcxx-debug --enable-libstdcxx-time=yes --enable-gnu-unique-object --disable-libmudflap --enable-plugin --with-system-zlib --disable-browser-plugin --enable-java-awt=gtk --enable-gtk-cairo --with-java-home=/usr/lib/jvm/java-1.5.0-gcj-4.8-amd64/jre --enable-java-home --with-jvm-root-dir=/usr/lib/jvm/java-1.5.0-gcj-4.8-amd64 --with-jvm-jar-dir=/usr/lib/jvm-exports/java-1.5.0-gcj-4.8-amd64 --with-arch-directory=amd64 --with-ecj-jar=/usr/share/java/eclipse-ecj.jar --enable-objc-gc --enable-multiarch --disable-werror --with-arch-32=i686 --with-abi=m64 --with-multilib-list=m32,m64,mx32 --with-tune=generic --enable-checking=release --build=x86_64-linux-gnu --host=x86_64-linux-gnu --target=x86_64-linux-gnu
Thread model: posix
gcc version 4.8.4 (Ubuntu 4.8.4-2ubuntu1~14.04.3) 
configure:4635: $? = 0
configure:4624: gcc -V >&5
gcc: error: unrecognized command line option '-V'
gcc: fatal error: no input files
compilation terminated.
configure:4635: $? = 4
configure:4624: gcc -qversion >&5
gcc: error: unrecognized command line option '-qversion'
gcc: fatal error: no input files
compilation terminated.
configure:4635: $? = 4
configure:4639: checking whether we are using the GNU C compiler
configure:4667: result: yes
configure:4676: checking whether gcc accepts -g
configure:4737: result: yes
configure:4754: checking for gcc option to accept ISO C89
configure:4830: result: none needed
configure:4855: checking whether gcc understands -c and -o together
configure:4892: result: yes
configure:4911: checking dependency style of gcc
configure:5022: result: gcc3
configure:5037: checking for gcc option to accept ISO C99
configure:5186: gcc  -c -g -O2  conftest.c >&5
conftest.c:76:29: error: expected ';', ',' or ')' before 'text'
 test_restrict (ccp restrict text)
                             ^
conftest.c: In function 'main':
conftest.c:130:18: error: expected '=', ',', ';', 'asm' or '__attribute__' before 'newvar'
   char *restrict newvar = "Another string";
                  ^
conftest.c:130:18: error: 'newvar' undeclared (first use in this function)
conftest.c:130:18: note: each undeclared identifier is reported only once for each function it appears in
conftest.c:140:3: error: 'for' loop initial declarations are only allowed in C99 mode
   for (int i = 0; i < ia->datasize; ++i)
   ^
conftest.c:140:3: note: use option -std=c99 or -std=gnu99 to compile your code
configure:5186: $? = 1
configure: failed program was:
| /* confdefs.h */
| #define PACKAGE_NAME "httperf"
| #define PACKAGE_TARNAME "httperf"
| #define PACKAGE_VERSION "0.9.1"
| #define PACKAGE_STRING "httperf 0.9.1"
| #define PACKAGE_BUGREPORT "httperf@linux.hpl.hp.com"
| #define PACKAGE_URL ""
| #define PACKAGE "httperf"
| #define VERSION "0.9.1"
| #define STDC_HEADERS 1
| #define HAVE_SYS_TYPES_H 1
| #define HAVE_SYS_STAT_H 1
| #define HAVE_STDLIB_H 1
| #define HAVE_STRING_H 1
| #define HAVE_MEMORY_H 1
| #define HAVE_STRINGS_H 1
| #define HAVE_INTTYPES_H 1
| #define HAVE_STDINT_H 1
| #define HAVE_UNISTD_H 1
| #define __EXTENSIONS__ 1
| #define _ALL_SOURCE 1
| #define _GNU_SOURCE 1
| #define _POSIX_PTHREAD_SEMANTICS 1
| #define _TANDEM_SOURCE 1
| /* end confdefs.h.  */
| #include <stdarg.h>
| #include <stdbool.h>
| #include <stdlib.h>
| #include <wchar.h>
| #include <stdio.h>
| 
| // Check varargs macros.  These examples are taken from C99 6.10.3.5.
| #define debug(...) fprintf (stderr, __VA_ARGS__)
| #define showlist(...) puts (#__VA_ARGS__)
| #define report(test,...) ((test) ? puts (#test) : printf (__VA_ARGS__))
| static void
| test_varargs_macros (void)
| {
|   int x = 1234;
|   int y = 5678;
|   debug ("Flag");
|   debug ("X = %d\n", x);
|   showlist (The first, second, and third items.);
|   report (x>y, "x is %d but y is %d", x, y);
| }
| 
| // Check long long types.
| #define BIG64 18446744073709551615ull
| #define BIG32 4294967295ul
| #define BIG_OK (BIG64 / BIG32 == 4294967297ull && BIG64 % BIG32 == 0)
| #if !BIG_OK
|   your preprocessor is broken;
| #endif
| #if BIG_OK
| #else
|   your preprocessor is broken;
| #endif
| static long long int bignum = -9223372036854775807LL;
| static unsigned long long int ubignum = BIG64;
| 
| struct incomplete_array
| {
|   int datasize;
|   double data[];
| };
| 
| struct named_init {
|   int number;
|   const wchar_t *name;
|   double average;
| };
| 
| typedef const char *ccp;
| 
| static inline int
| test_restrict (ccp restrict text)
| {
|   // See if C++-style comments work.
|   // Iterate through items via the restricted pointer.
|   // Also check for declarations in for loops.
|   for (unsigned int i = 0; *(text+i) != '\0'; ++i)
|     continue;
|   return 0;
| }
| 
| // Check varargs and va_copy.
| static void
| test_varargs (const char *format, ...)
| {
|   va_list args;
|   va_start (args, format);
|   va_list args_copy;
|   va_copy (args_copy, args);
| 
|   const char *str;
|   int number;
|   float fnumber;
| 
|   while (*format)
|     {
|       switch (*format++)
| 	{
| 	case 's': // string
| 	  str = va_arg (args_copy, const char *);
| 	  break;
| 	case 'd': // int
| 	  number = va_arg (args_copy, int);
| 	  break;
| 	case 'f': // float
| 	  fnumber = va_arg (args_copy, double);
| 	  break;
| 	default:
| 	  break;
| 	}
|     }
|   va_end (args_copy);
|   va_end (args);
| }
| 
| int
| main ()
| {
| 
|   // Check bool.
|   _Bool success = false;
| 
|   // Check restrict.
|   if (test_restrict ("String literal") == 0)
|     success = true;
|   char *restrict newvar = "Another string";
| 
|   // Check varargs.
|   test_varargs ("s, d' f .", "string", 65, 34.234);
|   test_varargs_macros ();
| 
|   // Check flexible array members.
|   struct incomplete_array *ia =
|     malloc (sizeof (struct incomplete_array) + (sizeof (double) * 10));
|   ia->datasize = 10;
|   for (int i = 0; i < ia->datasize; ++i)
|     ia->data[i] = i * 1.234;
| 
|   // Check named initializers.
|   struct named_init ni = {
|     .number = 34,
|     .name = L"Test wide string",
|     .average = 543.34343,
|   };
| 
|   ni.number = 58;
| 
|   int dynamic_array[ni.number];
|   dynamic_array[ni.number - 1] = 543;
| 
|   // work around unused variable warnings
|   return (!success || bignum == 0LL || ubignum == 0uLL || newvar[0] == 'x'
| 	  || dynamic_array[ni.number - 1] != 543);
| 
|   ;
|   return 0;
| }
configure:5186: gcc -std=gnu99 -c -g -O2  conftest.c >&5
configure:5186: $? = 0
configure:5206: result: -std=gnu99
configure:5262: checking how to print strings
configure:5289: result: printf
configure:5310: checking for a sed that does not truncate output
configure:5374: result: /bin/sed
configure:5392: checking for fgrep
configure:5454: result: /bin/grep -F
configure:5489: checking for ld used by gcc -std=gnu99
configure:5556: result: /usr/bin/ld
configure:5563: checking if the linker (/usr/bin/ld) is GNU ld
configure:5578: result: yes
configure:5590: checking for BSD- or MS-compatible name lister (nm)
configure:5639: result: /usr/bin/nm -B
configure:5769: checking the name lister (/usr/bin/nm -B) interface
configure:5776: gcc -std=gnu99 -c -g -O2  conftest.c >&5
configure:5779: /usr/bin/nm -B "conftest.o"
configure:5782: output
0000000000000000 B some_variable
configure:5789: result: BSD nm
configure:5792: checking whether ln -s works
configure:5796: result: yes
configure:5804: checking the maximum length of command line arguments
configure:5935: result: 3458764513820540925
configure:5952: checking whether the shell understands some XSI constructs
configure:5962: result: yes
configure:5966: checking whether the shell understands "+="
configure:5972: result: yes
configure:6007: checking how to convert x86_64-unknown-linux-gnu file names to x86_64-unknown-linux-gnu format
configure:6047: result: func_convert_file_noop
configure:6054: checking how to convert x86_64-unknown-linux-gnu file names to toolchain format
configure:6074: result: func_convert_file_noop
configure:6081: checking for /usr/bin/ld option to reload object files
configure:6088: result: -r
configure:6162: checking for objdump
configure:6178: found /usr/bin/objdump
configure:6189: result: objdump
configure:6221: checking how to recognize dependent libraries
configure:6419: result: pass_all
configure:6504: checking for dlltool
configure:6534: result: no
configure:6564: checking how to associate runtime and link libraries
configure:6591: result: printf %s\n
configure:6651: checking for ar
configure:6667: found /usr/bin/ar
configure:6678: result: ar
configure:6715: checking for archiver @FILE support
configure:6732: gcc -std=gnu99 -c -g -O2  conftest.c >&5
configure:6732: $? = 0
configure:6735: ar cru libconftest.a @conftest.lst >&5
configure:6738: $? = 0
configure:6743: ar cru libconftest.a @conftest.lst >&5
ar: conftest.o: No such file or directory
configure:6746: $? = 1
configure:6758: result: @
configure:6816: checking for strip
configure:6832: found /usr/bin/strip
configure:6843: result: strip
configure:6915: checking for ranlib
configure:6931: found /usr/bin/ranlib
configure:6942: result: ranlib
configure:7044: checking command to parse /usr/bin/nm -B output from gcc -std=gnu99 object
configure:7164: gcc -std=gnu99 -c -g -O2  conftest.c >&5
configure:7167: $? = 0
configure:7171: /usr/bin/nm -B conftest.o \| sed -n -e 's/^.*[ ]\([ABCDGIRSTW][ABCDGIRSTW]*\)[ ][ ]*\([_A-Za-z][_A-Za-z0-9]*\)$/\1 \2 \2/p' | sed '/ __gnu_lto/d' \> conftest.nm
configure:7174: $? = 0
configure:7240: gcc -std=gnu99 -o conftest -g -O2   conftest.c conftstm.o >&5
configure:7243: $? = 0
configure:7281: result: ok
configure:7318: checking for sysroot
configure:7348: result: no
configure:7425: gcc -std=gnu99 -c -g -O2  conftest.c >&5
configure:7428: $? = 0
configure:7617: checking for mt
configure:7633: found /bin/mt
configure:7644: result: mt
configure:7667: checking if mt is a manifest tool
configure:7673: mt '-?'
configure:7681: result: no
configure:8320: checking for dlfcn.h
configure:8320: gcc -std=gnu99 -c -g -O2  conftest.c >&5
configure:8320: $? = 0
configure:8320: result: yes
configure:8526: checking for objdir
configure:8541: result: .libs
configure:8812: checking if gcc -std=gnu99 supports -fno-rtti -fno-exceptions
configure:8830: gcc -std=gnu99 -c -g -O2  -fno-rtti -fno-exceptions conftest.c >&5
cc1: warning: command line option '-fno-rtti' is valid for C++/ObjC++ but not for C [enabled by default]
configure:8834: $? = 0
configure:8847: result: no
configure:9174: checking for gcc -std=gnu99 option to produce PIC
configure:9181: result: -fPIC -DPIC
configure:9189: checking if gcc -std=gnu99 PIC flag -fPIC -DPIC works
configure:9207: gcc -std=gnu99 -c -g -O2  -fPIC -DPIC -DPIC conftest.c >&5
configure:9211: $? = 0
configure:9224: result: yes
configure:9253: checking if gcc -std=gnu99 static flag -static works
configure:9281: result: yes
configure:9296: checking if gcc -std=gnu99 supports -c -o file.o
configure:9317: gcc -std=gnu99 -c -g -O2  -o out/conftest2.o conftest.c >&5
configure:9321: $? = 0
configure:9343: result: yes
configure:9351: checking if gcc -std=gnu99 supports -c -o file.o
configure:9398: result: yes
configure:9431: checking whether the gcc -std=gnu99 linker (/usr/bin/ld -m elf_x86_64) supports shared libraries
configure:10588: result: yes
configure:10625: checking whether -lc should be explicitly linked in
configure:10633: gcc -std=gnu99 -c -g -O2  conftest.c >&5
configure:10636: $? = 0
configure:10651: gcc -std=gnu99 -shared  -fPIC -DPIC conftest.o  -v -Wl,-soname -Wl,conftest -o conftest 2\>\&1 \| /bin/grep  -lc  \>/dev/null 2\>\&1
configure:10654: $? = 0
configure:10668: result: no
configure:10828: checking dynamic linker characteristics
configure:11328: gcc -std=gnu99 -o conftest -g -O2   -Wl,-rpath -Wl,/foo conftest.c  >&5
configure:11328: $? = 0
configure:11562: result: GNU/Linux ld.so
configure:11669: checking how to hardcode library paths into programs
configure:11694: result: immediate
configure:12234: checking whether stripping libraries is possible
configure:12239: result: yes
configure:12274: checking if libtool supports shared libraries
configure:12276: result: yes
configure:12279: checking whether to build shared libraries
configure:12300: result: yes
configure:12303: checking whether to build static libraries
configure:12307: result: yes
configure:12415: checking for sqrt in -lm
configure:12440: gcc -std=gnu99 -o conftest -g -O2   conftest.c -lm   >&5
conftest.c:35:6: warning: conflicting types for built-in function 'sqrt' [enabled by default]
 char sqrt ();
      ^
configure:12440: $? = 0
configure:12449: result: yes
configure:12460: checking for main in -lcrypto
configure:12479: gcc -std=gnu99 -o conftest -g -O2   conftest.c -lcrypto  -lm  >&5
/usr/bin/ld: cannot find -lcrypto
collect2: error: ld returned 1 exit status
configure:12479: $? = 1
configure: failed program was:
| /* confdefs.h */
| #define PACKAGE_NAME "httperf"
| #define PACKAGE_TARNAME "httperf"
| #define PACKAGE_VERSION "0.9.1"
| #define PACKAGE_STRING "httperf 0.9.1"
| #define PACKAGE_BUGREPORT "httperf@linux.hpl.hp.com"
| #define PACKAGE_URL ""
| #define PACKAGE "httperf"
| #define VERSION "0.9.1"
| #define STDC_HEADERS 1
| #define HAVE_SYS_TYPES_H 1
| #define HAVE_SYS_STAT_H 1
| #define HAVE_STDLIB_H 1
| #define HAVE_STRING_H 1
| #define HAVE_MEMORY_H 1
| #define HAVE_STRINGS_H 1
| #define HAVE_INTTYPES_H 1
| #define HAVE_STDINT_H 1
| #define HAVE_UNISTD_H 1
| #define __EXTENSIONS__ 1
| #define _ALL_SOURCE 1
| #define _GNU_SOURCE 1
| #define _POSIX_PTHREAD_SEMANTICS 1
| #define _TANDEM_SOURCE 1
| #define HAVE_DLFCN_H 1
| #define LT_OBJDIR ".libs/"
| #define HAVE_LIBM 1
| /* end confdefs.h.  */
| 
| 
| int
| main ()
| {
| return main ();
|   ;
|   return 0;
| }
configure:12488: result: no
configure:12499: checking for SSL_version in -lssl
configure:12524: gcc -std=gnu99 -o conftest -g -O2   conftest.c -lssl  -lm  >&5
/usr/bin/ld: cannot find -lssl
collect2: error: ld returned 1 exit status
configure:12524: $? = 1
configure: failed program was:
| /* confdefs.h */
| #define PACKAGE_NAME "httperf"
| #define PACKAGE_TARNAME "httperf"
| #define PACKAGE_VERSION "0.9.1"
| #define PACKAGE_STRING "httperf 0.9.1"
| #define PACKAGE_BUGREPORT "httperf@linux.hpl.hp.com"
| #define PACKAGE_URL ""
| #define PACKAGE "httperf"
| #define VERSION "0.9.1"
| #define STDC_HEADERS 1
| #define HAVE_SYS_TYPES_H 1
| #define HAVE_SYS_STAT_H 1
| #define HAVE_STDLIB_H 1
| #define HAVE_STRING_H 1
| #define HAVE_MEMORY_H 1
| #define HAVE_STRINGS_H 1
| #define HAVE_INTTYPES_H 1
| #define HAVE_STDINT_H 1
| #define HAVE_UNISTD_H 1
| #define __EXTENSIONS__ 1
| #define _ALL_SOURCE 1
| #define _GNU_SOURCE 1
| #define _POSIX_PTHREAD_SEMANTICS 1
| #define _TANDEM_SOURCE 1
| #define HAVE_DLFCN_H 1
| #define LT_OBJDIR ".libs/"
| #define HAVE_LIBM 1
| /* end confdefs.h.  */
| 
| /* Override any GCC internal prototype to avoid an error.
|    Use char because int might match the return type of a GCC
|    builtin and then its argument prototype would still apply.  */
| #ifdef __cplusplus
| extern "C"
| #endif
| char SSL_version ();
| int
| main ()
| {
| return SSL_version ();
|   ;
|   return 0;
| }
configure:12533: result: no
configure:12543: WARNING: SSL Disabled
configure:12548: checking for library containing getsockopt
configure:12579: gcc -std=gnu99 -o conftest -g -O2   conftest.c -lm  >&5
configure:12579: $? = 0
configure:12596: result: none required
configure:12604: checking for library containing socket
configure:12635: gcc -std=gnu99 -o conftest -g -O2   conftest.c -lm  >&5
configure:12635: $? = 0
configure:12652: result: none required
configure:12660: checking for library containing gethostbyname
configure:12691: gcc -std=gnu99 -o conftest -g -O2   conftest.c -lm  >&5
configure:12691: $? = 0
configure:12708: result: none required
configure:12716: checking for library containing inet_aton
configure:12747: gcc -std=gnu99 -o conftest -g -O2   conftest.c -lm  >&5
configure:12747: $? = 0
configure:12764: result: none required
configure:12774: checking for size_t
configure:12774: gcc -std=gnu99 -c -g -O2  conftest.c >&5
configure:12774: $? = 0
configure:12774: gcc -std=gnu99 -c -g -O2  conftest.c >&5
conftest.c: In function 'main':
conftest.c:65:21: error: expected expression before ')' token
 if (sizeof ((size_t)))
                     ^
configure:12774: $? = 1
configure: failed program was:
| /* confdefs.h */
| #define PACKAGE_NAME "httperf"
| #define PACKAGE_TARNAME "httperf"
| #define PACKAGE_VERSION "0.9.1"
| #define PACKAGE_STRING "httperf 0.9.1"
| #define PACKAGE_BUGREPORT "httperf@linux.hpl.hp.com"
| #define PACKAGE_URL ""
| #define PACKAGE "httperf"
| #define VERSION "0.9.1"
| #define STDC_HEADERS 1
| #define HAVE_SYS_TYPES_H 1
| #define HAVE_SYS_STAT_H 1
| #define HAVE_STDLIB_H 1
| #define HAVE_STRING_H 1
| #define HAVE_MEMORY_H 1
| #define HAVE_STRINGS_H 1
| #define HAVE_INTTYPES_H 1
| #define HAVE_STDINT_H 1
| #define HAVE_UNISTD_H 1
| #define __EXTENSIONS__ 1
| #define _ALL_SOURCE 1
| #define _GNU_SOURCE 1
| #define _POSIX_PTHREAD_SEMANTICS 1
| #define _TANDEM_SOURCE 1
| #define HAVE_DLFCN_H 1
| #define LT_OBJDIR ".libs/"
| #define HAVE_LIBM 1
| /* end confdefs.h.  */
| #include <stdio.h>
| #ifdef HAVE_SYS_TYPES_H
| # include <sys/types.h>
| #endif
| #ifdef HAVE_SYS_STAT_H
| # include <sys/stat.h>
| #endif
| #ifdef STDC_HEADERS
| # include <stdlib.h>
| # include <stddef.h>
| #else
| # ifdef HAVE_STDLIB_H
| #  include <stdlib.h>
| # endif
| #endif
| #ifdef HAVE_STRING_H
| # if !defined STDC_HEADERS && defined HAVE_MEMORY_H
| #  include <memory.h>
| # endif
| # include <string.h>
| #endif
| #ifdef HAVE_STRINGS_H
| # include <strings.h>
| #endif
| #ifdef HAVE_INTTYPES_H
| # include <inttypes.h>
| #endif
| #ifdef HAVE_STDINT_H
| # include <stdint.h>
| #endif
| #ifdef HAVE_UNISTD_H
| # include <unistd.h>
| #endif
| int
| main ()
| {
| if (sizeof ((size_t)))
| 	    return 0;
|   ;
|   return 0;
| }
configure:12774: result: yes
configure:12787: checking for working alloca.h
configure:12804: gcc -std=gnu99 -o conftest -g -O2   conftest.c -lm  >&5
configure:12804: $? = 0
configure:12812: result: yes
configure:12820: checking for alloca
configure:12857: gcc -std=gnu99 -o conftest -g -O2   conftest.c -lm  >&5
configure:12857: $? = 0
configure:12865: result: yes
configure:12971: checking whether time.h and sys/time.h may both be included
configure:12991: gcc -std=gnu99 -c -g -O2  conftest.c >&5
configure:12991: $? = 0
configure:12998: result: yes
configure:13009: checking openssl/ssl.h usability
configure:13009: gcc -std=gnu99 -c -g -O2  conftest.c >&5
conftest.c:65:25: fatal error: openssl/ssl.h: No such file or directory
 #include <openssl/ssl.h>
                         ^
compilation terminated.
configure:13009: $? = 1
configure: failed program was:
| /* confdefs.h */
| #define PACKAGE_NAME "httperf"
| #define PACKAGE_TARNAME "httperf"
| #define PACKAGE_VERSION "0.9.1"
| #define PACKAGE_STRING "httperf 0.9.1"
| #define PACKAGE_BUGREPORT "httperf@linux.hpl.hp.com"
| #define PACKAGE_URL ""
| #define PACKAGE "httperf"
| #define VERSION "0.9.1"
| #define STDC_HEADERS 1
| #define HAVE_SYS_TYPES_H 1
| #define HAVE_SYS_STAT_H 1
| #define HAVE_STDLIB_H 1
| #define HAVE_STRING_H 1
| #define HAVE_MEMORY_H 1
| #define HAVE_STRINGS_H 1
| #define HAVE_INTTYPES_H 1
| #define HAVE_STDINT_H 1
| #define HAVE_UNISTD_H 1
| #define __EXTENSIONS__ 1
| #define _ALL_SOURCE 1
| #define _GNU_SOURCE 1
| #define _POSIX_PTHREAD_SEMANTICS 1
| #define _TANDEM_SOURCE 1
| #define HAVE_DLFCN_H 1
| #define LT_OBJDIR ".libs/"
| #define HAVE_LIBM 1
| #define HAVE_ALLOCA_H 1
| #define HAVE_ALLOCA 1
| #define TIME_WITH_SYS_TIME 1
| /* end confdefs.h.  */
| #include <stdio.h>
| #ifdef HAVE_SYS_TYPES_H
| # include <sys/types.h>
| #endif
| #ifdef HAVE_SYS_STAT_H
| # include <sys/stat.h>
| #endif
| #ifdef STDC_HEADERS
| # include <stdlib.h>
| # include <stddef.h>
| #else
| # ifdef HAVE_STDLIB_H
| #  include <stdlib.h>
| # endif
| #endif
| #ifdef HAVE_STRING_H
| # if !defined STDC_HEADERS && defined HAVE_MEMORY_H
| #  include <memory.h>
| # endif
| # include <string.h>
| #endif
| #ifdef HAVE_STRINGS_H
| # include <strings.h>
| #endif
| #ifdef HAVE_INTTYPES_H
| # include <inttypes.h>
| #endif
| #ifdef HAVE_STDINT_H
| # include <stdint.h>
| #endif
| #ifdef HAVE_UNISTD_H
| # include <unistd.h>
| #endif
| #include <openssl/ssl.h>
configure:13009: result: no
configure:13009: checking openssl/ssl.h presence
configure:13009: gcc -E  conftest.c
conftest.c:32:25: fatal error: openssl/ssl.h: No such file or directory
 #include <openssl/ssl.h>
                         ^
compilation terminated.
configure:13009: $? = 1
configure: failed program was:
| /* confdefs.h */
| #define PACKAGE_NAME "httperf"
| #define PACKAGE_TARNAME "httperf"
| #define PACKAGE_VERSION "0.9.1"
| #define PACKAGE_STRING "httperf 0.9.1"
| #define PACKAGE_BUGREPORT "httperf@linux.hpl.hp.com"
| #define PACKAGE_URL ""
| #define PACKAGE "httperf"
| #define VERSION "0.9.1"
| #define STDC_HEADERS 1
| #define HAVE_SYS_TYPES_H 1
| #define HAVE_SYS_STAT_H 1
| #define HAVE_STDLIB_H 1
| #define HAVE_STRING_H 1
| #define HAVE_MEMORY_H 1
| #define HAVE_STRINGS_H 1
| #define HAVE_INTTYPES_H 1
| #define HAVE_STDINT_H 1
| #define HAVE_UNISTD_H 1
| #define __EXTENSIONS__ 1
| #define _ALL_SOURCE 1
| #define _GNU_SOURCE 1
| #define _POSIX_PTHREAD_SEMANTICS 1
| #define _TANDEM_SOURCE 1
| #define HAVE_DLFCN_H 1
| #define LT_OBJDIR ".libs/"
| #define HAVE_LIBM 1
| #define HAVE_ALLOCA_H 1
| #define HAVE_ALLOCA 1
| #define TIME_WITH_SYS_TIME 1
| /* end confdefs.h.  */
| #include <openssl/ssl.h>
configure:13009: result: no
configure:13009: checking for openssl/ssl.h
configure:13009: result: no
configure:13009: checking getopt.h usability
configure:13009: gcc -std=gnu99 -c -g -O2  conftest.c >&5
configure:13009: $? = 0
configure:13009: result: yes
configure:13009: checking getopt.h presence
configure:13009: gcc -E  conftest.c
configure:13009: $? = 0
configure:13009: result: yes
configure:13009: checking for getopt.h
configure:13009: result: yes
configure:13028: checking for an ANSI C-conforming const
configure:13094: gcc -std=gnu99 -c -g -O2  conftest.c >&5
configure:13094: $? = 0
configure:13101: result: yes
configure:13109: checking for size_t
configure:13109: result: yes
configure:13120: checking for ssize_t
configure:13120: gcc -std=gnu99 -c -g -O2  conftest.c >&5
configure:13120: $? = 0
configure:13120: gcc -std=gnu99 -c -g -O2  conftest.c >&5
conftest.c: In function 'main':
conftest.c:69:22: error: expected expression before ')' token
 if (sizeof ((ssize_t)))
                      ^
configure:13120: $? = 1
configure: failed program was:
| /* confdefs.h */
| #define PACKAGE_NAME "httperf"
| #define PACKAGE_TARNAME "httperf"
| #define PACKAGE_VERSION "0.9.1"
| #define PACKAGE_STRING "httperf 0.9.1"
| #define PACKAGE_BUGREPORT "httperf@linux.hpl.hp.com"
| #define PACKAGE_URL ""
| #define PACKAGE "httperf"
| #define VERSION "0.9.1"
| #define STDC_HEADERS 1
| #define HAVE_SYS_TYPES_H 1
| #define HAVE_SYS_STAT_H 1
| #define HAVE_STDLIB_H 1
| #define HAVE_STRING_H 1
| #define HAVE_MEMORY_H 1
| #define HAVE_STRINGS_H 1
| #define HAVE_INTTYPES_H 1
| #define HAVE_STDINT_H 1
| #define HAVE_UNISTD_H 1
| #define __EXTENSIONS__ 1
| #define _ALL_SOURCE 1
| #define _GNU_SOURCE 1
| #define _POSIX_PTHREAD_SEMANTICS 1
| #define _TANDEM_SOURCE 1
| #define HAVE_DLFCN_H 1
| #define LT_OBJDIR ".libs/"
| #define HAVE_LIBM 1
| #define HAVE_ALLOCA_H 1
| #define HAVE_ALLOCA 1
| #define TIME_WITH_SYS_TIME 1
| #define HAVE_GETOPT_H 1
| /* end confdefs.h.  */
| #include <stdio.h>
| #ifdef HAVE_SYS_TYPES_H
| # include <sys/types.h>
| #endif
| #ifdef HAVE_SYS_STAT_H
| # include <sys/stat.h>
| #endif
| #ifdef STDC_HEADERS
| # include <stdlib.h>
| # include <stddef.h>
| #else
| # ifdef HAVE_STDLIB_H
| #  include <stdlib.h>
| # endif
| #endif
| #ifdef HAVE_STRING_H
| # if !defined STDC_HEADERS && defined HAVE_MEMORY_H
| #  include <memory.h>
| # endif
| # include <string.h>
| #endif
| #ifdef HAVE_STRINGS_H
| # include <strings.h>
| #endif
| #ifdef HAVE_INTTYPES_H
| # include <inttypes.h>
| #endif
| #ifdef HAVE_STDINT_H
| # include <stdint.h>
| #endif
| #ifdef HAVE_UNISTD_H
| # include <unistd.h>
| #endif
| int
| main ()
| {
| if (sizeof ((ssize_t)))
| 	    return 0;
|   ;
|   return 0;
| }
configure:13120: result: yes
configure:13131: checking for u_char
configure:13131: gcc -std=gnu99 -c -g -O2  conftest.c >&5
configure:13131: $? = 0
configure:13131: gcc -std=gnu99 -c -g -O2  conftest.c >&5
conftest.c: In function 'main':
conftest.c:69:21: error: expected expression before ')' token
 if (sizeof ((u_char)))
                     ^
configure:13131: $? = 1
configure: failed program was:
| /* confdefs.h */
| #define PACKAGE_NAME "httperf"
| #define PACKAGE_TARNAME "httperf"
| #define PACKAGE_VERSION "0.9.1"
| #define PACKAGE_STRING "httperf 0.9.1"
| #define PACKAGE_BUGREPORT "httperf@linux.hpl.hp.com"
| #define PACKAGE_URL ""
| #define PACKAGE "httperf"
| #define VERSION "0.9.1"
| #define STDC_HEADERS 1
| #define HAVE_SYS_TYPES_H 1
| #define HAVE_SYS_STAT_H 1
| #define HAVE_STDLIB_H 1
| #define HAVE_STRING_H 1
| #define HAVE_MEMORY_H 1
| #define HAVE_STRINGS_H 1
| #define HAVE_INTTYPES_H 1
| #define HAVE_STDINT_H 1
| #define HAVE_UNISTD_H 1
| #define __EXTENSIONS__ 1
| #define _ALL_SOURCE 1
| #define _GNU_SOURCE 1
| #define _POSIX_PTHREAD_SEMANTICS 1
| #define _TANDEM_SOURCE 1
| #define HAVE_DLFCN_H 1
| #define LT_OBJDIR ".libs/"
| #define HAVE_LIBM 1
| #define HAVE_ALLOCA_H 1
| #define HAVE_ALLOCA 1
| #define TIME_WITH_SYS_TIME 1
| #define HAVE_GETOPT_H 1
| /* end confdefs.h.  */
| #include <stdio.h>
| #ifdef HAVE_SYS_TYPES_H
| # include <sys/types.h>
| #endif
| #ifdef HAVE_SYS_STAT_H
| # include <sys/stat.h>
| #endif
| #ifdef STDC_HEADERS
| # include <stdlib.h>
| # include <stddef.h>
| #else
| # ifdef HAVE_STDLIB_H
| #  include <stdlib.h>
| # endif
| #endif
| #ifdef HAVE_STRING_H
| # if !defined STDC_HEADERS && defined HAVE_MEMORY_H
| #  include <memory.h>
| # endif
| # include <string.h>
| #endif
| #ifdef HAVE_STRINGS_H
| # include <strings.h>
| #endif
| #ifdef HAVE_INTTYPES_H
| # include <inttypes.h>
| #endif
| #ifdef HAVE_STDINT_H
| # include <stdint.h>
| #endif
| #ifdef HAVE_UNISTD_H
| # include <unistd.h>
| #endif
| int
| main ()
| {
| if (sizeof ((u_char)))
| 	    return 0;
|   ;
|   return 0;
| }
configure:13131: result: yes
configure:13142: checking for u_short
configure:13142: gcc -std=gnu99 -c -g -O2  conftest.c >&5
configure:13142: $? = 0
configure:13142: gcc -std=gnu99 -c -g -O2  conftest.c >&5
conftest.c: In function 'main':
conftest.c:69:22: error: expected expression before ')' token
 if (sizeof ((u_short)))
                      ^
configure:13142: $? = 1
configure: failed program was:
| /* confdefs.h */
| #define PACKAGE_NAME "httperf"
| #define PACKAGE_TARNAME "httperf"
| #define PACKAGE_VERSION "0.9.1"
| #define PACKAGE_STRING "httperf 0.9.1"
| #define PACKAGE_BUGREPORT "httperf@linux.hpl.hp.com"
| #define PACKAGE_URL ""
| #define PACKAGE "httperf"
| #define VERSION "0.9.1"
| #define STDC_HEADERS 1
| #define HAVE_SYS_TYPES_H 1
| #define HAVE_SYS_STAT_H 1
| #define HAVE_STDLIB_H 1
| #define HAVE_STRING_H 1
| #define HAVE_MEMORY_H 1
| #define HAVE_STRINGS_H 1
| #define HAVE_INTTYPES_H 1
| #define HAVE_STDINT_H 1
| #define HAVE_UNISTD_H 1
| #define __EXTENSIONS__ 1
| #define _ALL_SOURCE 1
| #define _GNU_SOURCE 1
| #define _POSIX_PTHREAD_SEMANTICS 1
| #define _TANDEM_SOURCE 1
| #define HAVE_DLFCN_H 1
| #define LT_OBJDIR ".libs/"
| #define HAVE_LIBM 1
| #define HAVE_ALLOCA_H 1
| #define HAVE_ALLOCA 1
| #define TIME_WITH_SYS_TIME 1
| #define HAVE_GETOPT_H 1
| /* end confdefs.h.  */
| #include <stdio.h>
| #ifdef HAVE_SYS_TYPES_H
| # include <sys/types.h>
| #endif
| #ifdef HAVE_SYS_STAT_H
| # include <sys/stat.h>
| #endif
| #ifdef STDC_HEADERS
| # include <stdlib.h>
| # include <stddef.h>
| #else
| # ifdef HAVE_STDLIB_H
| #  include <stdlib.h>
| # endif
| #endif
| #ifdef HAVE_STRING_H
| # if !defined STDC_HEADERS && defined HAVE_MEMORY_H
| #  include <memory.h>
| # endif
| # include <string.h>
| #endif
| #ifdef HAVE_STRINGS_H
| # include <strings.h>
| #endif
| #ifdef HAVE_INTTYPES_H
| # include <inttypes.h>
| #endif
| #ifdef HAVE_STDINT_H
| # include <stdint.h>
| #endif
| #ifdef HAVE_UNISTD_H
| # include <unistd.h>
| #endif
| int
| main ()
| {
| if (sizeof ((u_short)))
| 	    return 0;
|   ;
|   return 0;
| }
configure:13142: result: yes
configure:13153: checking for u_int
configure:13153: gcc -std=gnu99 -c -g -O2  conftest.c >&5
configure:13153: $? = 0
configure:13153: gcc -std=gnu99 -c -g -O2  conftest.c >&5
conftest.c: In function 'main':
conftest.c:69:20: error: expected expression before ')' token
 if (sizeof ((u_int)))
                    ^
configure:13153: $? = 1
configure: failed program was:
| /* confdefs.h */
| #define PACKAGE_NAME "httperf"
| #define PACKAGE_TARNAME "httperf"
| #define PACKAGE_VERSION "0.9.1"
| #define PACKAGE_STRING "httperf 0.9.1"
| #define PACKAGE_BUGREPORT "httperf@linux.hpl.hp.com"
| #define PACKAGE_URL ""
| #define PACKAGE "httperf"
| #define VERSION "0.9.1"
| #define STDC_HEADERS 1
| #define HAVE_SYS_TYPES_H 1
| #define HAVE_SYS_STAT_H 1
| #define HAVE_STDLIB_H 1
| #define HAVE_STRING_H 1
| #define HAVE_MEMORY_H 1
| #define HAVE_STRINGS_H 1
| #define HAVE_INTTYPES_H 1
| #define HAVE_STDINT_H 1
| #define HAVE_UNISTD_H 1
| #define __EXTENSIONS__ 1
| #define _ALL_SOURCE 1
| #define _GNU_SOURCE 1
| #define _POSIX_PTHREAD_SEMANTICS 1
| #define _TANDEM_SOURCE 1
| #define HAVE_DLFCN_H 1
| #define LT_OBJDIR ".libs/"
| #define HAVE_LIBM 1
| #define HAVE_ALLOCA_H 1
| #define HAVE_ALLOCA 1
| #define TIME_WITH_SYS_TIME 1
| #define HAVE_GETOPT_H 1
| /* end confdefs.h.  */
| #include <stdio.h>
| #ifdef HAVE_SYS_TYPES_H
| # include <sys/types.h>
| #endif
| #ifdef HAVE_SYS_STAT_H
| # include <sys/stat.h>
| #endif
| #ifdef STDC_HEADERS
| # include <stdlib.h>
| # include <stddef.h>
| #else
| # ifdef HAVE_STDLIB_H
| #  include <stdlib.h>
| # endif
| #endif
| #ifdef HAVE_STRING_H
| # if !defined STDC_HEADERS && defined HAVE_MEMORY_H
| #  include <memory.h>
| # endif
| # include <string.h>
| #endif
| #ifdef HAVE_STRINGS_H
| # include <strings.h>
| #endif
| #ifdef HAVE_INTTYPES_H
| # include <inttypes.h>
| #endif
| #ifdef HAVE_STDINT_H
| # include <stdint.h>
| #endif
| #ifdef HAVE_UNISTD_H
| # include <unistd.h>
| #endif
| int
| main ()
| {
| if (sizeof ((u_int)))
| 	    return 0;
|   ;
|   return 0;
| }
configure:13153: result: yes
configure:13164: checking for u_long
configure:13164: gcc -std=gnu99 -c -g -O2  conftest.c >&5
configure:13164: $? = 0
configure:13164: gcc -std=gnu99 -c -g -O2  conftest.c >&5
conftest.c: In function 'main':
conftest.c:69:21: error: expected expression before ')' token
 if (sizeof ((u_long)))
                     ^
configure:13164: $? = 1
configure: failed program was:
| /* confdefs.h */
| #define PACKAGE_NAME "httperf"
| #define PACKAGE_TARNAME "httperf"
| #define PACKAGE_VERSION "0.9.1"
| #define PACKAGE_STRING "httperf 0.9.1"
| #define PACKAGE_BUGREPORT "httperf@linux.hpl.hp.com"
| #define PACKAGE_URL ""
| #define PACKAGE "httperf"
| #define VERSION "0.9.1"
| #define STDC_HEADERS 1
| #define HAVE_SYS_TYPES_H 1
| #define HAVE_SYS_STAT_H 1
| #define HAVE_STDLIB_H 1
| #define HAVE_STRING_H 1
| #define HAVE_MEMORY_H 1
| #define HAVE_STRINGS_H 1
| #define HAVE_INTTYPES_H 1
| #define HAVE_STDINT_H 1
| #define HAVE_UNISTD_H 1
| #define __EXTENSIONS__ 1
| #define _ALL_SOURCE 1
| #define _GNU_SOURCE 1
| #define _POSIX_PTHREAD_SEMANTICS 1
| #define _TANDEM_SOURCE 1
| #define HAVE_DLFCN_H 1
| #define LT_OBJDIR ".libs/"
| #define HAVE_LIBM 1
| #define HAVE_ALLOCA_H 1
| #define HAVE_ALLOCA 1
| #define TIME_WITH_SYS_TIME 1
| #define HAVE_GETOPT_H 1
| /* end confdefs.h.  */
| #include <stdio.h>
| #ifdef HAVE_SYS_TYPES_H
| # include <sys/types.h>
| #endif
| #ifdef HAVE_SYS_STAT_H
| # include <sys/stat.h>
| #endif
| #ifdef STDC_HEADERS
| # include <stdlib.h>
| # include <stddef.h>
| #else
| # ifdef HAVE_STDLIB_H
| #  include <stdlib.h>
| # endif
| #endif
| #ifdef HAVE_STRING_H
| # if !defined STDC_HEADERS && defined HAVE_MEMORY_H
| #  include <memory.h>
| # endif
| # include <string.h>
| #endif
| #ifdef HAVE_STRINGS_H
| # include <strings.h>
| #endif
| #ifdef HAVE_INTTYPES_H
| # include <inttypes.h>
| #endif
| #ifdef HAVE_STDINT_H
| # include <stdint.h>
| #endif
| #ifdef HAVE_UNISTD_H
| # include <unistd.h>
| #endif
| int
| main ()
| {
| if (sizeof ((u_long)))
| 	    return 0;
|   ;
|   return 0;
| }
configure:13164: result: yes
configure:13178: checking for unsigned long long int
configure:13226: result: yes
configure:13247: checking for u_wide
configure:13247: gcc -std=gnu99 -c -g -O2  conftest.c >&5
conftest.c: In function 'main':
conftest.c:70:13: error: 'u_wide' undeclared (first use in this function)
 if (sizeof (u_wide))
             ^
conftest.c:70:13: note: each undeclared identifier is reported only once for each function it appears in
configure:13247: $? = 1
configure: failed program was:
| /* confdefs.h */
| #define PACKAGE_NAME "httperf"
| #define PACKAGE_TARNAME "httperf"
| #define PACKAGE_VERSION "0.9.1"
| #define PACKAGE_STRING "httperf 0.9.1"
| #define PACKAGE_BUGREPORT "httperf@linux.hpl.hp.com"
| #define PACKAGE_URL ""
| #define PACKAGE "httperf"
| #define VERSION "0.9.1"
| #define STDC_HEADERS 1
| #define HAVE_SYS_TYPES_H 1
| #define HAVE_SYS_STAT_H 1
| #define HAVE_STDLIB_H 1
| #define HAVE_STRING_H 1
| #define HAVE_MEMORY_H 1
| #define HAVE_STRINGS_H 1
| #define HAVE_INTTYPES_H 1
| #define HAVE_STDINT_H 1
| #define HAVE_UNISTD_H 1
| #define __EXTENSIONS__ 1
| #define _ALL_SOURCE 1
| #define _GNU_SOURCE 1
| #define _POSIX_PTHREAD_SEMANTICS 1
| #define _TANDEM_SOURCE 1
| #define HAVE_DLFCN_H 1
| #define LT_OBJDIR ".libs/"
| #define HAVE_LIBM 1
| #define HAVE_ALLOCA_H 1
| #define HAVE_ALLOCA 1
| #define TIME_WITH_SYS_TIME 1
| #define HAVE_GETOPT_H 1
| #define HAVE_UNSIGNED_LONG_LONG_INT 1
| /* end confdefs.h.  */
| #include <stdio.h>
| #ifdef HAVE_SYS_TYPES_H
| # include <sys/types.h>
| #endif
| #ifdef HAVE_SYS_STAT_H
| # include <sys/stat.h>
| #endif
| #ifdef STDC_HEADERS
| # include <stdlib.h>
| # include <stddef.h>
| #else
| # ifdef HAVE_STDLIB_H
| #  include <stdlib.h>
| # endif
| #endif
| #ifdef HAVE_STRING_H
| # if !defined STDC_HEADERS && defined HAVE_MEMORY_H
| #  include <memory.h>
| # endif
| # include <string.h>
| #endif
| #ifdef HAVE_STRINGS_H
| # include <strings.h>
| #endif
| #ifdef HAVE_INTTYPES_H
| # include <inttypes.h>
| #endif
| #ifdef HAVE_STDINT_H
| # include <stdint.h>
| #endif
| #ifdef HAVE_UNISTD_H
| # include <unistd.h>
| #endif
| int
| main ()
| {
| if (sizeof (u_wide))
| 	 return 0;
|   ;
|   return 0;
| }
configure:13247: result: no
configure:13267: checking for stdlib.h
configure:13267: result: yes
configure:13267: checking for unistd.h
configure:13267: result: yes
configure:13267: checking for sys/param.h
configure:13267: gcc -std=gnu99 -c -g -O2  conftest.c >&5
configure:13267: $? = 0
configure:13267: result: yes
configure:13287: checking for getpagesize
configure:13287: gcc -std=gnu99 -o conftest -g -O2   conftest.c -lm  >&5
configure:13287: $? = 0
configure:13287: result: yes
configure:13296: checking for working mmap
configure:13443: gcc -std=gnu99 -o conftest -g -O2   conftest.c -lm  >&5
configure:13443: $? = 0
configure:13443: ./conftest
configure:13443: $? = 0
configure:13453: result: yes
configure:13465: checking sys/select.h usability
configure:13465: gcc -std=gnu99 -c -g -O2  conftest.c >&5
configure:13465: $? = 0
configure:13465: result: yes
configure:13465: checking sys/select.h presence
configure:13465: gcc -E  conftest.c
configure:13465: $? = 0
configure:13465: result: yes
configure:13465: checking for sys/select.h
configure:13465: result: yes
configure:13465: checking sys/socket.h usability
configure:13465: gcc -std=gnu99 -c -g -O2  conftest.c >&5
configure:13465: $? = 0
configure:13465: result: yes
configure:13465: checking sys/socket.h presence
configure:13465: gcc -E  conftest.c
configure:13465: $? = 0
configure:13465: result: yes
configure:13465: checking for sys/socket.h
configure:13465: result: yes
configure:13475: checking types of arguments for select
configure:13503: gcc -std=gnu99 -c -g -O2  conftest.c >&5
configure:13503: $? = 0
configure:13514: result: int,fd_set *,struct timeval *
configure:13537: checking return type of signal handlers
configure:13555: gcc -std=gnu99 -c -g -O2  conftest.c >&5
conftest.c: In function 'main':
conftest.c:51:1: error: void value not ignored as it ought to be
 return *(signal (0, 0)) (0) == 1;
 ^
configure:13555: $? = 1
configure: failed program was:
| /* confdefs.h */
| #define PACKAGE_NAME "httperf"
| #define PACKAGE_TARNAME "httperf"
| #define PACKAGE_VERSION "0.9.1"
| #define PACKAGE_STRING "httperf 0.9.1"
| #define PACKAGE_BUGREPORT "httperf@linux.hpl.hp.com"
| #define PACKAGE_URL ""
| #define PACKAGE "httperf"
| #define VERSION "0.9.1"
| #define STDC_HEADERS 1
| #define HAVE_SYS_TYPES_H 1
| #define HAVE_SYS_STAT_H 1
| #define HAVE_STDLIB_H 1
| #define HAVE_STRING_H 1
| #define HAVE_MEMORY_H 1
| #define HAVE_STRINGS_H 1
| #define HAVE_INTTYPES_H 1
| #define HAVE_STDINT_H 1
| #define HAVE_UNISTD_H 1
| #define __EXTENSIONS__ 1
| #define _ALL_SOURCE 1
| #define _GNU_SOURCE 1
| #define _POSIX_PTHREAD_SEMANTICS 1
| #define _TANDEM_SOURCE 1
| #define HAVE_DLFCN_H 1
| #define LT_OBJDIR ".libs/"
| #define HAVE_LIBM 1
| #define HAVE_ALLOCA_H 1
| #define HAVE_ALLOCA 1
| #define TIME_WITH_SYS_TIME 1
| #define HAVE_GETOPT_H 1
| #define HAVE_UNSIGNED_LONG_LONG_INT 1
| #define u_wide unsigned long long
| #define HAVE_STDLIB_H 1
| #define HAVE_UNISTD_H 1
| #define HAVE_SYS_PARAM_H 1
| #define HAVE_GETPAGESIZE 1
| #define HAVE_MMAP 1
| #define HAVE_SYS_SELECT_H 1
| #define HAVE_SYS_SOCKET_H 1
| #define SELECT_TYPE_ARG1 int
| #define SELECT_TYPE_ARG234 (fd_set *)
| #define SELECT_TYPE_ARG5 (struct timeval *)
| /* end confdefs.h.  */
| #include <sys/types.h>
| #include <signal.h>
| 
| int
| main ()
| {
| return *(signal (0, 0)) (0) == 1;
|   ;
|   return 0;
| }
configure:13562: result: void
configure:13570: checking for working strtod
configure:13611: gcc -std=gnu99 -o conftest -g -O2   conftest.c -lm  >&5
configure:13611: $? = 0
configure:13611: ./conftest
configure:13611: $? = 0
configure:13621: result: yes
configure:13685: checking for vprintf
configure:13685: gcc -std=gnu99 -o conftest -g -O2   conftest.c -lm  >&5
conftest.c:69:6: warning: conflicting types for built-in function 'vprintf' [enabled by default]
 char vprintf ();
      ^
configure:13685: $? = 0
configure:13685: result: yes
configure:13691: checking for _doprnt
configure:13691: gcc -std=gnu99 -o conftest -g -O2   conftest.c -lm  >&5
/tmp/ccUwhxrU.o: In function `main':
/home/ubuntu/httperf-master/conftest.c:81: undefined reference to `_doprnt'
collect2: error: ld returned 1 exit status
configure:13691: $? = 1
configure: failed program was:
| /* confdefs.h */
| #define PACKAGE_NAME "httperf"
| #define PACKAGE_TARNAME "httperf"
| #define PACKAGE_VERSION "0.9.1"
| #define PACKAGE_STRING "httperf 0.9.1"
| #define PACKAGE_BUGREPORT "httperf@linux.hpl.hp.com"
| #define PACKAGE_URL ""
| #define PACKAGE "httperf"
| #define VERSION "0.9.1"
| #define STDC_HEADERS 1
| #define HAVE_SYS_TYPES_H 1
| #define HAVE_SYS_STAT_H 1
| #define HAVE_STDLIB_H 1
| #define HAVE_STRING_H 1
| #define HAVE_MEMORY_H 1
| #define HAVE_STRINGS_H 1
| #define HAVE_INTTYPES_H 1
| #define HAVE_STDINT_H 1
| #define HAVE_UNISTD_H 1
| #define __EXTENSIONS__ 1
| #define _ALL_SOURCE 1
| #define _GNU_SOURCE 1
| #define _POSIX_PTHREAD_SEMANTICS 1
| #define _TANDEM_SOURCE 1
| #define HAVE_DLFCN_H 1
| #define LT_OBJDIR ".libs/"
| #define HAVE_LIBM 1
| #define HAVE_ALLOCA_H 1
| #define HAVE_ALLOCA 1
| #define TIME_WITH_SYS_TIME 1
| #define HAVE_GETOPT_H 1
| #define HAVE_UNSIGNED_LONG_LONG_INT 1
| #define u_wide unsigned long long
| #define HAVE_STDLIB_H 1
| #define HAVE_UNISTD_H 1
| #define HAVE_SYS_PARAM_H 1
| #define HAVE_GETPAGESIZE 1
| #define HAVE_MMAP 1
| #define HAVE_SYS_SELECT_H 1
| #define HAVE_SYS_SOCKET_H 1
| #define SELECT_TYPE_ARG1 int
| #define SELECT_TYPE_ARG234 (fd_set *)
| #define SELECT_TYPE_ARG5 (struct timeval *)
| #define RETSIGTYPE void
| #define HAVE_VPRINTF 1
| /* end confdefs.h.  */
| /* Define _doprnt to an innocuous variant, in case <limits.h> declares _doprnt.
|    For example, HP-UX 11i <limits.h> declares gettimeofday.  */
| #define _doprnt innocuous__doprnt
| 
| /* System header to define __stub macros and hopefully few prototypes,
|     which can conflict with char _doprnt (); below.
|     Prefer <limits.h> to <assert.h> if __STDC__ is defined, since
|     <limits.h> exists even on freestanding compilers.  */
| 
| #ifdef __STDC__
| # include <limits.h>
| #else
| # include <assert.h>
| #endif
| 
| #undef _doprnt
| 
| /* Override any GCC internal prototype to avoid an error.
|    Use char because int might match the return type of a GCC
|    builtin and then its argument prototype would still apply.  */
| #ifdef __cplusplus
| extern "C"
| #endif
| char _doprnt ();
| /* The GNU C library defines this for functions which it implements
|     to always fail with ENOSYS.  Some functions are actually named
|     something starting with __ and the normal name is an alias.  */
| #if defined __stub__doprnt || defined __stub____doprnt
| choke me
| #endif
| 
| int
| main ()
| {
| return _doprnt ();
|   ;
|   return 0;
| }
configure:13691: result: no
configure:13704: checking for getopt_long
configure:13704: gcc -std=gnu99 -o conftest -g -O2   conftest.c -lm  >&5
configure:13704: $? = 0
configure:13704: result: yes
configure:13836: checking that generated files are newer than configure
configure:13842: result: done
configure:13873: creating ./config.status

## ---------------- ##
## Cache variables. ##
## ---------------- ##

ac_cv_build=x86_64-unknown-linux-gnu
ac_cv_c_compiler_gnu=yes
ac_cv_c_const=yes
ac_cv_env_CC_set=
ac_cv_env_CC_value=
ac_cv_env_CFLAGS_set=
ac_cv_env_CFLAGS_value=
ac_cv_env_CPPFLAGS_set=
ac_cv_env_CPPFLAGS_value=
ac_cv_env_CPP_set=
ac_cv_env_CPP_value=
ac_cv_env_LDFLAGS_set=
ac_cv_env_LDFLAGS_value=
ac_cv_env_LIBS_set=
ac_cv_env_LIBS_value=
ac_cv_env_build_alias_set=
ac_cv_env_build_alias_value=
ac_cv_env_host_alias_set=
ac_cv_env_host_alias_value=
ac_cv_env_target_alias_set=
ac_cv_env_target_alias_value=
ac_cv_func__doprnt=no
ac_cv_func_alloca_works=yes
ac_cv_func_getopt_long=yes
ac_cv_func_getpagesize=yes
ac_cv_func_mmap_fixed_mapped=yes
ac_cv_func_select_args='int,fd_set *,struct timeval *'
ac_cv_func_strtod=yes
ac_cv_func_vprintf=yes
ac_cv_header_dlfcn_h=yes
ac_cv_header_getopt_h=yes
ac_cv_header_inttypes_h=yes
ac_cv_header_memory_h=yes
ac_cv_header_minix_config_h=no
ac_cv_header_openssl_ssl_h=no
ac_cv_header_stdc=yes
ac_cv_header_stdint_h=yes
ac_cv_header_stdlib_h=yes
ac_cv_header_string_h=yes
ac_cv_header_strings_h=yes
ac_cv_header_sys_param_h=yes
ac_cv_header_sys_select_h=yes
ac_cv_header_sys_socket_h=yes
ac_cv_header_sys_stat_h=yes
ac_cv_header_sys_types_h=yes
ac_cv_header_time=yes
ac_cv_header_unistd_h=yes
ac_cv_host=x86_64-unknown-linux-gnu
ac_cv_lib_crypto_main=no
ac_cv_lib_m_sqrt=yes
ac_cv_lib_ssl_SSL_version=no
ac_cv_objext=o
ac_cv_path_EGREP='/bin/grep -E'
ac_cv_path_FGREP='/bin/grep -F'
ac_cv_path_GREP=/bin/grep
ac_cv_path_SED=/bin/sed
ac_cv_path_install='/usr/bin/install -c'
ac_cv_path_mkdir=/bin/mkdir
ac_cv_prog_AWK=gawk
ac_cv_prog_CPP='gcc -E'
ac_cv_prog_ac_ct_AR=ar
ac_cv_prog_ac_ct_CC=gcc
ac_cv_prog_ac_ct_MANIFEST_TOOL=mt
ac_cv_prog_ac_ct_OBJDUMP=objdump
ac_cv_prog_ac_ct_RANLIB=ranlib
ac_cv_prog_ac_ct_STRIP=strip
ac_cv_prog_cc_c89=
ac_cv_prog_cc_c99=-std=gnu99
ac_cv_prog_cc_g=yes
ac_cv_prog_make_make_set=yes
ac_cv_safe_to_define___extensions__=yes
ac_cv_search_gethostbyname='none required'
ac_cv_search_getsockopt='none required'
ac_cv_search_inet_aton='none required'
ac_cv_search_socket='none required'
ac_cv_target=x86_64-unknown-linux-gnu
ac_cv_type_signal=void
ac_cv_type_size_t=yes
ac_cv_type_ssize_t=yes
ac_cv_type_u_char=yes
ac_cv_type_u_int=yes
ac_cv_type_u_long=yes
ac_cv_type_u_short=yes
ac_cv_type_u_wide=no
ac_cv_type_unsigned_long_long_int=yes
ac_cv_working_alloca_h=yes
am_cv_CC_dependencies_compiler_type=gcc3
am_cv_make_support_nested_variables=yes
am_cv_prog_cc_c_o=yes
lt_cv_ar_at_file=@
lt_cv_archive_cmds_need_lc=no
lt_cv_deplibs_check_method=pass_all
lt_cv_file_magic_cmd='$MAGIC_CMD'
lt_cv_file_magic_test_file=
lt_cv_ld_reload_flag=-r
lt_cv_nm_interface='BSD nm'
lt_cv_objdir=.libs
lt_cv_path_LD=/usr/bin/ld
lt_cv_path_NM='/usr/bin/nm -B'
lt_cv_path_mainfest_tool=no
lt_cv_prog_compiler_c_o=yes
lt_cv_prog_compiler_pic='-fPIC -DPIC'
lt_cv_prog_compiler_pic_works=yes
lt_cv_prog_compiler_rtti_exceptions=no
lt_cv_prog_compiler_static_works=yes
lt_cv_prog_gnu_ld=yes
lt_cv_sharedlib_from_linklib_cmd='printf %s\n'
lt_cv_shlibpath_overrides_runpath=no
lt_cv_sys_global_symbol_pipe='sed -n -e '\''s/^.*[	 ]\([ABCDGIRSTW][ABCDGIRSTW]*\)[	 ][	 ]*\([_A-Za-z][_A-Za-z0-9]*\)$/\1 \2 \2/p'\'' | sed '\''/ __gnu_lto/d'\'''
lt_cv_sys_global_symbol_to_c_name_address='sed -n -e '\''s/^: \([^ ]*\)[ ]*$/  {\"\1\", (void *) 0},/p'\'' -e '\''s/^[ABCDGIRSTW]* \([^ ]*\) \([^ ]*\)$/  {"\2", (void *) \&\2},/p'\'''
lt_cv_sys_global_symbol_to_c_name_address_lib_prefix='sed -n -e '\''s/^: \([^ ]*\)[ ]*$/  {\"\1\", (void *) 0},/p'\'' -e '\''s/^[ABCDGIRSTW]* \([^ ]*\) \(lib[^ ]*\)$/  {"\2", (void *) \&\2},/p'\'' -e '\''s/^[ABCDGIRSTW]* \([^ ]*\) \([^ ]*\)$/  {"lib\2", (void *) \&\2},/p'\'''
lt_cv_sys_global_symbol_to_cdecl='sed -n -e '\''s/^T .* \(.*\)$/extern int \1();/p'\'' -e '\''s/^[ABCDGIRSTW]* .* \(.*\)$/extern char \1;/p'\'''
lt_cv_sys_max_cmd_len=3458764513820540925
lt_cv_to_host_file_cmd=func_convert_file_noop
lt_cv_to_tool_file_cmd=func_convert_file_noop

## ----------------- ##
## Output variables. ##
## ----------------- ##

ACLOCAL='${SHELL} /home/ubuntu/httperf-master/missing aclocal-1.14'
ALLOCA=''
AMDEPBACKSLASH='\'
AMDEP_FALSE='#'
AMDEP_TRUE=''
AMTAR='$${TAR-tar}'
AM_BACKSLASH='\'
AM_DEFAULT_V='$(AM_DEFAULT_VERBOSITY)'
AM_DEFAULT_VERBOSITY='1'
AM_V='$(V)'
AR='ar'
AUTOCONF='${SHELL} /home/ubuntu/httperf-master/missing autoconf'
AUTOHEADER='${SHELL} /home/ubuntu/httperf-master/missing autoheader'
AUTOMAKE='${SHELL} /home/ubuntu/httperf-master/missing automake-1.14'
AWK='gawk'
CC='gcc -std=gnu99'
CCDEPMODE='depmode=gcc3'
CFLAGS='-g -O2 -DDEBUG'
CPP='gcc -E'
CPPFLAGS=''
CYGPATH_W='echo'
DEFS='-DHAVE_CONFIG_H'
DEPDIR='.deps'
DLLTOOL='false'
DSYMUTIL=''
DUMPBIN=''
ECHO_C=''
ECHO_N='-n'
ECHO_T=''
EGREP='/bin/grep -E'
EXEEXT=''
FGREP='/bin/grep -F'
GREP='/bin/grep'
IDLECONN_FALSE=''
IDLECONN_TRUE='#'
INSTALL_DATA='${INSTALL} -m 644'
INSTALL_PROGRAM='${INSTALL}'
INSTALL_SCRIPT='${INSTALL}'
INSTALL_STRIP_PROGRAM='$(install_sh) -c -s'
LD='/usr/bin/ld -m elf_x86_64'
LDFLAGS=''
LIBOBJS=''
LIBS='-lm '
LIBTOOL='$(SHELL) $(top_builddir)/libtool'
LIPO=''
LN_S='ln -s'
LTLIBOBJS=''
MAKEINFO='${SHELL} /home/ubuntu/httperf-master/missing makeinfo'
MANIFEST_TOOL=':'
MKDIR_P='/bin/mkdir -p'
NM='/usr/bin/nm -B'
NMEDIT=''
OBJDUMP='objdump'
OBJEXT='o'
OTOOL64=''
OTOOL=''
PACKAGE='httperf'
PACKAGE_BUGREPORT='httperf@linux.hpl.hp.com'
PACKAGE_NAME='httperf'
PACKAGE_STRING='httperf 0.9.1'
PACKAGE_TARNAME='httperf'
PACKAGE_URL=''
PACKAGE_VERSION='0.9.1'
PATH_SEPARATOR=':'
POW_LIB=''
RANLIB='ranlib'
SED='/bin/sed'
SET_MAKE=''
SHELL='/bin/bash'
STRIP='strip'
VERSION='0.9.1'
ac_ct_AR='ar'
ac_ct_CC='gcc'
ac_ct_DUMPBIN=''
am__EXEEXT_FALSE=''
am__EXEEXT_TRUE='#'
am__fastdepCC_FALSE='#'
am__fastdepCC_TRUE=''
am__include='include'
am__isrc=''
am__leading_dot='.'
am__nodep='_no'
am__quote=''
am__tar='$${TAR-tar} chof - "$$tardir"'
am__untar='$${TAR-tar} xf -'
bindir='${exec_prefix}/bin'
build='x86_64-unknown-linux-gnu'
build_alias=''
build_cpu='x86_64'
build_os='linux-gnu'
build_vendor='unknown'
datadir='${datarootdir}'
datarootdir='${prefix}/share'
docdir='${datarootdir}/doc/${PACKAGE_TARNAME}'
dvidir='${docdir}'
exec_prefix='${prefix}'
host='x86_64-unknown-linux-gnu'
host_alias=''
host_cpu='x86_64'
host_os='linux-gnu'
host_vendor='unknown'
htmldir='${docdir}'
includedir='${prefix}/include'
infodir='${datarootdir}/info'
install_sh='${SHELL} /home/ubuntu/httperf-master/install-sh'
libdir='${exec_prefix}/lib'
libexecdir='${exec_prefix}/libexec'
localedir='${datarootdir}/locale'
localstatedir='${prefix}/var'
mandir='${datarootdir}/man'
mkdir_p='$(MKDIR_P)'
oldincludedir='/usr/include'
pdfdir='${docdir}'
prefix='/usr/local'
program_transform_name='s,x,x,'
psdir='${docdir}'
sbindir='${exec_prefix}/sbin'
sharedstatedir='${prefix}/com'
sysconfdir='${prefix}/etc'
target='x86_64-unknown-linux-gnu'
target_alias=''
target_cpu='x86_64'
target_os='linux-gnu'
target_vendor='unknown'

## ----------- ##
## confdefs.h. ##
## ----------- ##

/* confdefs.h */
#define PACKAGE_NAME "httperf"
#define PACKAGE_TARNAME "httperf"
#define PACKAGE_VERSION "0.9.1"
#define PACKAGE_STRING "httperf 0.9.1"
#define PACKAGE_BUGREPORT "httperf@linux.hpl.hp.com"
#define PACKAGE_URL ""
#define PACKAGE "httperf"
#define VERSION "0.9.1"
#define STDC_HEADERS 1
#define HAVE_SYS_TYPES_H 1
#define HAVE_SYS_STAT_H 1
#define HAVE_STDLIB_H 1
#define HAVE_STRING_H 1
#define HAVE_MEMORY_H 1
#define HAVE_STRINGS_H 1
#define HAVE_INTTYPES_H 1
#define HAVE_STDINT_H 1
#define HAVE_UNISTD_H 1
#define __EXTENSIONS__ 1
#define _ALL_SOURCE 1
#define _GNU_SOURCE 1
#define _POSIX_PTHREAD_SEMANTICS 1
#define _TANDEM_SOURCE 1
#define HAVE_DLFCN_H 1
#define LT_OBJDIR ".libs/"
#define HAVE_LIBM 1
#define HAVE_ALLOCA_H 1
#define HAVE_ALLOCA 1
#define TIME_WITH_SYS_TIME 1
#define HAVE_GETOPT_H 1
#define HAVE_UNSIGNED_LONG_LONG_INT 1
#define u_wide unsigned long long
#define HAVE_STDLIB_H 1
#define HAVE_UNISTD_H 1
#define HAVE_SYS_PARAM_H 1
#define HAVE_GETPAGESIZE 1
#define HAVE_MMAP 1
#define HAVE_SYS_SELECT_H 1
#define HAVE_SYS_SOCKET_H 1
#define SELECT_TYPE_ARG1 int
#define SELECT_TYPE_ARG234 (fd_set *)
#define SELECT_TYPE_ARG5 (struct timeval *)
#define RETSIGTYPE void
#define HAVE_VPRINTF 1
#define HAVE_GETOPT_LONG 1

configure: exit 0

## ---------------------- ##
## Running config.status. ##
## ---------------------- ##

This file was extended by httperf config.status 0.9.1, which was
generated by GNU Autoconf 2.69.  Invocation command line was

  CONFIG_FILES    = 
  CONFIG_HEADERS  = 
  CONFIG_LINKS    = 
  CONFIG_COMMANDS = 
  $ ./config.status 

on wajahat-loadgen1

config.status:1118: creating Makefile
config.status:1118: creating man/Makefile
config.status:1118: creating src/stat/Makefile
config.status:1118: creating src/lib/Makefile
config.status:1118: creating src/gen/Makefile
config.status:1118: creating src/Makefile
config.status:1118: creating config.h
config.status:1347: executing depfiles commands
config.status:1347: executing libtool commands
